<?xml version="1.0" encoding="UTF-8"?>
<!-- Generated by org.testng.reporters.JUnitReportReporter -->
<testsuite hostname="DESKTOP-8KSC0IT" failures="0" tests="2" name="Test_1.VerifyWhatsNewPage" time="2.579" errors="0" timestamp="2024-05-11T13:04:27 IST" skipped="0">
  <testcase classname="Test_1.VerifyWhatsNewPage" name="VerifyPageTitle" time="0.038"/>
  <testcase classname="Test_1.VerifyWhatsNewPage" name="VerifyWhatsnewpage" time="2.541"/>
</testsuite> <!-- Test_1.VerifyWhatsNewPage -->
