<?xml version="1.0" encoding="UTF-8"?>
<!-- Generated by org.testng.reporters.JUnitReportReporter -->
<testsuite hostname="DESKTOP-8KSC0IT" failures="0" tests="3" name="Test_2.VerifySalesPage" time="5.649" errors="0" timestamp="2024-05-11T02:55:15 IST" skipped="0">
  <testcase classname="Test_2.VerifySalesPage" name="VerifyPageTitle" time="3.764"/>
  <testcase classname="Test_2.VerifySalesPage" name="clickOnSale" time="1.872"/>
  <testcase classname="Test_2.VerifySalesPage" name="VerifySalepage" time="0.013"/>
</testsuite> <!-- Test_2.VerifySalesPage -->
