<?xml version="1.0" encoding="UTF-8"?>
<!-- Generated by org.testng.reporters.JUnitReportReporter -->
<testsuite hostname="DESKTOP-8KSC0IT" failures="0" tests="1" name="mainPack.MainPageExecution" time="143.590" errors="0" timestamp="2024-05-17T16:29:13 IST" skipped="0">
  <testcase classname="mainPack.MainPageExecution" name="mainTest" time="143.590"/>
  <system-out/>
</testsuite> <!-- mainPack.MainPageExecution -->
