<?xml version="1.0" encoding="UTF-8"?>
<!-- Generated by org.testng.reporters.JUnitReportReporter -->
<testsuite hostname="DESKTOP-8KSC0IT" failures="0" tests="1" name="Test_CreateAccount.CreateAccountTest" time="15.137" errors="0" timestamp="2024-05-17T16:35:34 IST" skipped="0">
  <testcase classname="Test_CreateAccount.CreateAccountTest" name="testCreateAccount" time="15.137"/>
  <system-out/>
</testsuite> <!-- Test_CreateAccount.CreateAccountTest -->
