<?xml version="1.0" encoding="UTF-8"?>
<!-- Generated by org.testng.reporters.JUnitReportReporter -->
<testsuite hostname="DESKTOP-8KSC0IT" failures="0" tests="3" name="Test_3.VerifySupportThisProjectPage" time="13.029" errors="0" timestamp="2024-05-11T03:13:44 IST" skipped="0">
  <testcase classname="Test_3.VerifySupportThisProjectPage" name="VerifyPageTitle" time="5.954"/>
  <testcase classname="Test_3.VerifySupportThisProjectPage" name="clickonSupportThisProject" time="7.016"/>
  <testcase classname="Test_3.VerifySupportThisProjectPage" name="VerifySupportThisProjectpage" time="0.059"/>
</testsuite> <!-- Test_3.VerifySupportThisProjectPage -->
