<?xml version="1.0" encoding="UTF-8"?>
<!-- Generated by org.testng.reporters.JUnitReportReporter -->
<testsuite hostname="DESKTOP-8KSC0IT" failures="0" tests="1" name="Test_1.VerifyTheTitle" time="0.029" errors="0" timestamp="2024-05-11T02:19:17 IST" skipped="0">
  <testcase classname="Test_1.VerifyTheTitle" name="VerifyTitle" time="0.029"/>
</testsuite> <!-- Test_1.VerifyTheTitle -->
